#
# A fatal error has been detected by the Java Runtime Environment:
#
#  EXCEPTION_ACCESS_VIOLATION (0xc0000005) at pc=0x00000221bfacae39, pid=23184, tid=13192
#
# JRE version: OpenJDK Runtime Environment Temurin-21.0.5+11 (21.0.5+11) (build 21.0.5+11-LTS)
# Java VM: OpenJDK 64-Bit Server VM Temurin-21.0.5+11 (21.0.5+11-LTS, mixed mode, emulated-client, sharing, tiered, compressed oops, compressed class ptrs, g1 gc, windows-amd64)
# Problematic frame:
# v  ~BufferBlob::MethodHandles adapters 0x00000221bfacae39
#
# No core dump will be written. Minidumps are not enabled by default on client versions of Windows
#
# If you would like to submit a bug report, please visit:
#   https://github.com/adoptium/adoptium-support/issues
#

---------------  S U M M A R Y ------------

Command Line: -XX:+ShowCodeDetailsInExceptionMessages -agentlib:jdwp=transport=dt_socket,suspend=y,address=localhost:56281 -Dcom.sun.management.jmxremote -Dcom.sun.management.jmxremote.port=56280 -Dcom.sun.management.jmxremote.authenticate=false -Dcom.sun.management.jmxremote.ssl=false -Djava.rmi.server.hostname=localhost -Dspring.jmx.enabled=true -Dmanagement.endpoints.jmx.exposure.include=* -Dspring.application.admin.enabled=true -XX:TieredStopAtLevel=1 -Dspring.boot.project.name=backend_nexos_credibanco -javaagent:E:\AmbienteDesarrollo\sts-4.27.0.RELEASE\configuration\org.eclipse.osgi\275\0\.cp\lib\javaagent-shaded.jar -Dfile.encoding=UTF-8 -Dstdout.encoding=UTF-8 -Dstderr.encoding=UTF-8 co.com.nexos_software.BackendNexosCredibancoApplication --spring.output.ansi.enabled=always

Host: 11th Gen Intel(R) Core(TM) i5-1135G7 @ 2.40GHz, 8 cores, 19G,  Windows 11 , 64 bit Build 26100 (10.0.26100.3037)
Time: Sat Mar  1 20:41:16 2025 Hora est. Pacífico, Sudamérica elapsed time: 1480.413462 seconds (0d 0h 24m 40s)

---------------  T H R E A D  ---------------

Current thread (0x0000022214af8490):  JavaThread "restartedMain"        [_thread_in_Java, id=13192, stack(0x0000006c2e200000,0x0000006c2e300000) (1024K)]

Stack: [0x0000006c2e200000,0x0000006c2e300000],  sp=0x0000006c2e2fd4f8,  free space=1013k
Native frames: (J=compiled Java code, j=interpreted, Vv=VM code, C=native code)
C  0x00000221bfacae39

The last pc belongs to _linkToSpecial (printed below).

siginfo: EXCEPTION_ACCESS_VIOLATION (0xc0000005), reading address 0x0000000000080010


Registers:
RAX=0x00000221bfa99086, RBX=0x0000000000080000, RCX=0x0000006c2e2fd508, RDX=0x0000000000000003
RSP=0x0000006c2e2fd4f8, RBP=0x0000006c2e2fd550, RSI=0x00000222111cd0c8, RDI=0x00000222151c4140
R8 =0x0000000000000004, R9 =0x0000000000000004, R10=0x00007ff92b3ed040, R11=0x00000221cc0b5b78
R12=0x0000000000000000, R13=0x0000006c2e2fd4f8, R14=0x0000006c2e2fd578, R15=0x0000022214af8490
RIP=0x00000221bfacae39, EFLAGS=0x0000000000010206


Register to memory mapping:

RAX=0x00000221bfa99086 is at code_begin+3078 in an Interpreter codelet
return entry points  [0x00000221bfa98480, 0x00000221bfa9a298]  7704 bytes
RBX=0x0000000000080000 is an unknown value
RCX=0x0000006c2e2fd508 is pointing into the stack for thread: 0x0000022214af8490
RDX=0x0000000000000003 is an unknown value
RSP=0x0000006c2e2fd4f8 is pointing into the stack for thread: 0x0000022214af8490
RBP=0x0000006c2e2fd550 is pointing into the stack for thread: 0x0000022214af8490
RSI=0x00000222111cd0c8 points into unknown readable memory: 0x8800010102ed08f5 | f5 08 ed 02 01 01 00 88
RDI=0x00000222151c4140 points into unknown readable memory: 0x0000002000000080 | 80 00 00 00 20 00 00 00
R8 =0x0000000000000004 is an unknown value
R9 =0x0000000000000004 is an unknown value
R10=0x00007ff92b3ed040 jvm.dll
R11={method} {0x00000221cc0b5b80} 'newInvokeSpecial' '(Ljava/lang/Object;Ljava/lang/Object;)Ljava/lang/Object;' in 'java/lang/invoke/DirectMethodHandle$Holder'
R12=0x0 is null
R13=0x0000006c2e2fd4f8 is pointing into the stack for thread: 0x0000022214af8490
R14=0x0000006c2e2fd578 is pointing into the stack for thread: 0x0000022214af8490
R15=0x0000022214af8490 is a thread

Top of Stack: (sp=0x0000006c2e2fd4f8)
0x0000006c2e2fd4f8:   00000221bfa99086 00000006c703ab98
0x0000006c2e2fd508:   0000006c2e2fd508 00000221cc72be90
0x0000006c2e2fd518:   0000000000000005 00000221cc0b0fd8
0x0000006c2e2fd528:   00000006c7761ab8 00000006c4c0de70
0x0000006c2e2fd538:   00000221cc0b5b78 0000006c2e2fd4f8
0x0000006c2e2fd548:   0000006c2e2fd580 0000006c2e2fead8
0x0000006c2e2fd558:   00000221c02397b0 00000006c703abf0
0x0000006c2e2fd568:   00000006c703ab98 00000006c703aba8
0x0000006c2e2fd578:   00000006c703abc0 00000180c7760300
0x0000006c2e2fd588:   00000006c7610f18 00000006ca66ce28
0x0000006c2e2fd598:   00000006c703ac20 00000006c703aba8
0x0000006c2e2fd5a8:   00000006c703ac48 00000006c703abc0
0x0000006c2e2fd5b8:   00000006c703aba8 00000221c02396ec
0x0000006c2e2fd5c8:   0000022100000001 0000006c2e2fead8
0x0000006c2e2fd5d8:   00000221bfee9fcb 00000006c7610f78
0x0000006c2e2fd5e8:   00000006c7611600 0000006c2e2fead8
0x0000006c2e2fd5f8:   00000221c042510c 00000006ca69a9b8
0x0000006c2e2fd608:   00000006c52195b0 0000006c2e2fead8
0x0000006c2e2fd618:   00000221c08c8bfc 0000006c2e2fead8
0x0000006c2e2fd628:   00000221c0780fac 00000000c7760220
0x0000006c2e2fd638:   0000002000000003 00000006c7760320
0x0000006c2e2fd648:   00000006c7760300 00000006c9307358
0x0000006c2e2fd658:   00000006c4c0e6b8 00000006ca66ce28
0x0000006c2e2fd668:   00000006c7610f18 00000006c7610f18
0x0000006c2e2fd678:   00000006c7610f78 00000006c703ac70
0x0000006c2e2fd688:   00000006c703ac88 00000006ca66ce28
0x0000006c2e2fd698:   0000000000000001 0000006c2e2fead8
0x0000006c2e2fd6a8:   0000022100000001 00000006c703aba8
0x0000006c2e2fd6b8:   00000006c703ac20 0000006c2e2fead8
0x0000006c2e2fd6c8:   00000221bfe5045c 0000000000000000
0x0000006c2e2fd6d8:   0000000000000000 0000000000000000
0x0000006c2e2fd6e8:   0000000600000000 0000022214af8490 

Instructions: (pc=0x00000221bfacae39)
0x00000221bfacad39:   03 8b 5b 24 48 c1 e3 03 48 8b 5b 10 48 85 db 0f
0x00000221bfacad49:   84 10 00 00 00 41 80 bf d8 05 00 00 00 74 03 ff
0x00000221bfacad59:   63 38 ff 63 50 e9 9d 16 00 00 66 66 66 0f 1f 84
0x00000221bfacad69:   00 00 00 00 00 66 66 66 90 66 66 0f 1f 84 00 00
0x00000221bfacad79:   00 00 00 66 66 66 90 48 8b 53 08 0f b7 52 2e 48
0x00000221bfacad89:   8b 0c d4 58 5b 50 44 8b 51 08 49 bb 00 00 00 cc
0x00000221bfacad99:   21 02 00 00 4d 03 d3 4c 8b 5b 10 4b 8b 9c da c0
0x00000221bfacada9:   01 00 00 48 85 db 0f 84 10 00 00 00 41 80 bf d8
0x00000221bfacadb9:   05 00 00 00 74 03 ff 63 38 ff 63 50 e9 36 16 00
0x00000221bfacadc9:   00 66 66 66 0f 1f 84 00 00 00 00 00 66 66 66 90
0x00000221bfacadd9:   0f 1f 80 00 00 00 00 58 5b 50 8b 5b 24 48 c1 e3
0x00000221bfacade9:   03 48 8b 5b 10 48 85 db 0f 84 10 00 00 00 41 80
0x00000221bfacadf9:   bf d8 05 00 00 00 74 03 ff 63 38 ff 63 50 e9 f4
0x00000221bfacae09:   15 00 00 66 66 66 0f 1f 84 00 00 00 00 00 66 66
0x00000221bfacae19:   66 90 0f 1f 44 00 00 48 8b 53 08 0f b7 52 2e 48
0x00000221bfacae29:   8b 0c d4 58 5b 50 48 3b 01 8b 5b 24 48 c1 e3 03
0x00000221bfacae39:   48 8b 5b 10 48 85 db 0f 84 10 00 00 00 41 80 bf
0x00000221bfacae49:   d8 05 00 00 00 74 03 ff 63 38 ff 63 50 e9 a5 15
0x00000221bfacae59:   00 00 0f 1f 44 00 00 48 8b 53 08 0f b7 52 2e 48
0x00000221bfacae69:   8b 0c d4 58 5b 50 44 8b 51 08 49 bb 00 00 00 cc
0x00000221bfacae79:   21 02 00 00 4d 03 d3 8b 43 18 48 c1 e0 03 48 8b
0x00000221bfacae89:   40 10 48 8b 5b 10 45 8b 9a a0 00 00 00 4f 8d 9c
0x00000221bfacae99:   da c0 01 00 00 4d 8d 14 da 49 8b 1b 48 3b c3 74
0x00000221bfacaea9:   15 48 85 db 0f 84 32 00 00 00 49 83 c3 10 49 8b
0x00000221bfacaeb9:   1b 48 3b c3 75 eb 45 8b 5b 08 4b 8b 1c 1a 48 85
0x00000221bfacaec9:   db 0f 84 10 00 00 00 41 80 bf d8 05 00 00 00 74
0x00000221bfacaed9:   03 ff 63 38 ff 63 50 e9 1b 15 00 00 e9 16 12 00
0x00000221bfacaee9:   00 f4 00 00 00 00 00 00 00 00 00 00 00 00 00 00
0x00000221bfacaef9:   00 00 00 00 00 00 00 00 00 00 00 00 00 00 00 00
0x00000221bfacaf09:   00 00 00 00 00 00 00 00 00 00 00 00 00 00 00 00
0x00000221bfacaf19:   00 00 00 00 00 00 00 00 00 00 00 00 00 00 00 00
0x00000221bfacaf29:   00 00 00 00 00 00 00 00 00 00 00 00 00 00 00 00 


Stack slot to memory mapping:

stack at sp + 0 slots: 0x00000221bfa99086 is at code_begin+3078 in an Interpreter codelet
return entry points  [0x00000221bfa98480, 0x00000221bfa9a298]  7704 bytes
stack at sp + 1 slots: 0x00000006c703ab98 is an oop: co.com.nexos_software.controller.TransactionController 
{0x00000006c703ab98} - klass: 'co/com/nexos_software/controller/TransactionController'
 - ---- fields (total size 2 words):
 - private final 'transaction' 'Lco/com/nexos_software/service/TransactionService;' @12  null (0x00000000)
stack at sp + 2 slots: 0x0000006c2e2fd508 is pointing into the stack for thread: 0x0000022214af8490
stack at sp + 3 slots: 0x00000221cc72be90 is pointing into metadata
stack at sp + 4 slots: 0x0000000000000005 is an unknown value
stack at sp + 5 slots: 0x00000221cc0b0fd8 is pointing into metadata
stack at sp + 6 slots: 0x00000006c7761ab8 is an oop: java.lang.ref.WeakReference 
{0x00000006c7761ab8} - klass: 'java/lang/ref/WeakReference'
 - ---- fields (total size 4 words):
 - private 'referent' 'Ljava/lang/Object;' @12  a 'java/lang/Class'{0x00000006c450f320} = 'org/springframework/beans/BeanUtils' (0xd88a1e64)
 - volatile 'queue' 'Ljava/lang/ref/ReferenceQueue;' @16  a 'java/lang/ref/ReferenceQueue$Null'{0x00000006c4c04a10} (0xd8980942)
 - volatile 'next' 'Ljava/lang/ref/Reference;' @20  null (0x00000000)
 - private transient 'discovered' 'Ljava/lang/ref/Reference;' @24  null (0x00000000)
stack at sp + 7 slots: 0x00000006c4c0de70 is an oop: java.lang.Class 
{0x00000006c4c0de70} - klass: 'java/lang/Class'
 - ---- fields (total size 14 words):
 - private volatile transient 'classRedefinedCount' 'I' @12  0 (0x00000000)
 - injected 'klass' 'J' @16  2344180452272 (0x00000221cc0b0bb0)
 - injected 'array_klass' 'J' @24  0 (0x0000000000000000)
 - injected 'oop_size' 'I' @32  14 (0x0000000e)
 - injected 'static_oop_field_count' 'I' @36  0 (0x00000000)
 - private volatile transient 'cachedConstructor' 'Ljava/lang/reflect/Constructor;' @40  null (0x00000000)
 - private transient 'name' 'Ljava/lang/String;' @44  null (0x00000000)
 - private transient 'module' 'Ljava/lang/Module;' @48  a 'java/lang/Module'{0x00000006c4c05af0} (0xd8980b5e)
 - private final 'classLoader' 'Ljava/lang/ClassLoader;' @52  null (0x00000000)
 - private transient 'classData' 'Ljava/lang/Object;' @56  null (0x00000000)
 - private transient 'packageName' 'Ljava/lang/String;' @60  null (0x00000000)
 - private final 'componentType' 'Ljava/lang/Class;' @64  null (0x00000000)
 - private volatile transient 'reflectionData' 'Ljava/lang/ref/SoftReference;' @68  null (0x00000000)
 - private volatile transient 'genericInfo' 'Lsun/reflect/generics/repository/ClassRepository;' @72  null (0x00000000)
 - private volatile transient 'enumConstants' '[Ljava/lang/Object;' @76  null (0x00000000)
 - private volatile transient 'enumConstantDirectory' 'Ljava/util/Map;' @80  null (0x00000000)
 - private volatile transient 'annotationData' 'Ljava/lang/Class$AnnotationData;' @84  null (0x00000000)
 - private volatile transient 'annotationType' 'Lsun/reflect/annotation/AnnotationType;' @88  null (0x00000000)
 - transient 'classValueMap' 'Ljava/lang/ClassValue$ClassValueMap;' @92  null (0x00000000)
 - injected 'protection_domain' 'Ljava/lang/Object;' @96  null (0x00000000)
 - injected 'signers_name' 'Ljava/lang/Object;' @100  null (0x00000000)
 - injected 'source_file' 'Ljava/lang/Object;' @104  null (0x00000000)
 - injected '<init_lock>' 'Ljava/lang/Object;' @108  null (0x00000000)
 - signature: Ljava/lang/invoke/DirectMethodHandle$Holder;
 - ---- static fields (0):

MethodHandle::interpreter_entry::_linkToSpecial [0x00000221bfacae0c, 0x00000221bfacae5b] (79 bytes)
[MachCode]
  0x00000221bfacae0c: 6666 660f | 1f84 0000 | 0000 0066 | 6666 900f | 1f44 0000 | 488b 5308 | 0fb7 522e | 488b 0cd4 
  0x00000221bfacae2c: 585b 5048 | 3b01 8b5b | 2448 c1e3 | 0348 8b5b | 1048 85db | 0f84 1000 | 0000 4180 | bfd8 0500 
  0x00000221bfacae4c: 0000 7403 | ff63 38ff | 6350 e9a5 | 
[/MachCode]

---------------  P R O C E S S  ---------------

Threads class SMR info:
_java_thread_list=0x0000022213456700, length=27, elements={
0x00000221cb907220, 0x00000221cb90b190, 0x00000221cb90e810, 0x00000221cb90f5c0,
0x00000221cb918020, 0x00000221cb91aa80, 0x00000221cb928640, 0x0000022211219e00,
0x0000022211286600, 0x000002221129dbc0, 0x000002221129e240, 0x0000022211a665d0,
0x0000022211c4f750, 0x0000022211c5ba50, 0x0000022211cc17a0, 0x00000222124e3290,
0x0000022212522f90, 0x000002221252d980, 0x000002221252e010, 0x0000022214af7e00,
0x0000022214afd350, 0x0000022214afb280, 0x0000022214af8490, 0x0000022214afc630,
0x0000022214af91b0, 0x0000022214afbfa0, 0x0000022214afa560
}

Java Threads: ( => current thread )
  0x00000221cb907220 JavaThread "Reference Handler"          daemon [_thread_blocked, id=14636, stack(0x0000006c2ec00000,0x0000006c2ed00000) (1024K)]
  0x00000221cb90b190 JavaThread "Finalizer"                  daemon [_thread_blocked, id=22804, stack(0x0000006c2ed00000,0x0000006c2ee00000) (1024K)]
  0x00000221cb90e810 JavaThread "Signal Dispatcher"          daemon [_thread_blocked, id=1112, stack(0x0000006c2ee00000,0x0000006c2ef00000) (1024K)]
  0x00000221cb90f5c0 JavaThread "Attach Listener"            daemon [_thread_blocked, id=19128, stack(0x0000006c2ef00000,0x0000006c2f000000) (1024K)]
  0x00000221cb918020 JavaThread "Service Thread"             daemon [_thread_blocked, id=3732, stack(0x0000006c2f000000,0x0000006c2f100000) (1024K)]
  0x00000221cb91aa80 JavaThread "Monitor Deflation Thread"   daemon [_thread_blocked, id=5792, stack(0x0000006c2f100000,0x0000006c2f200000) (1024K)]
  0x00000221cb928640 JavaThread "C1 CompilerThread0"         daemon [_thread_blocked, id=21920, stack(0x0000006c2f200000,0x0000006c2f300000) (1024K)]
  0x0000022211219e00 JavaThread "Common-Cleaner"             daemon [_thread_blocked, id=22404, stack(0x0000006c2f300000,0x0000006c2f400000) (1024K)]
  0x0000022211286600 JavaThread "JDWP Transport Listener: dt_socket" daemon [_thread_blocked, id=9308, stack(0x0000006c2f500000,0x0000006c2f600000) (1024K)]
  0x000002221129dbc0 JavaThread "JDWP Event Helper Thread"   daemon [_thread_blocked, id=18912, stack(0x0000006c2f600000,0x0000006c2f700000) (1024K)]
  0x000002221129e240 JavaThread "JDWP Command Reader"        daemon [_thread_in_native, id=3508, stack(0x0000006c2f700000,0x0000006c2f800000) (1024K)]
  0x0000022211a665d0 JavaThread "Notification Thread"        daemon [_thread_blocked, id=9016, stack(0x0000006c2f800000,0x0000006c2f900000) (1024K)]
  0x0000022211c4f750 JavaThread "RMI TCP Accept-0"           daemon [_thread_in_native, id=25576, stack(0x0000006c30200000,0x0000006c30300000) (1024K)]
  0x0000022211c5ba50 JavaThread "RMI TCP Accept-56280"       daemon [_thread_in_native, id=6288, stack(0x0000006c30300000,0x0000006c30400000) (1024K)]
  0x0000022211cc17a0 JavaThread "RMI TCP Accept-0"           daemon [_thread_in_native, id=22720, stack(0x0000006c30400000,0x0000006c30500000) (1024K)]
  0x00000222124e3290 JavaThread "RMI Scheduler(0)"           daemon [_thread_blocked, id=6228, stack(0x0000006c30800000,0x0000006c30900000) (1024K)]
  0x0000022212522f90 JavaThread "RMI TCP Connection(idle)"   daemon [_thread_blocked, id=7496, stack(0x0000006c30900000,0x0000006c30a00000) (1024K)]
  0x000002221252d980 JavaThread "JMX server connection timeout 41" daemon [_thread_blocked, id=14556, stack(0x0000006c30a00000,0x0000006c30b00000) (1024K)]
  0x000002221252e010 JavaThread "mysql-cj-abandoned-connection-cleanup" daemon [_thread_blocked, id=19452, stack(0x0000006c30f00000,0x0000006c31000000) (1024K)]
  0x0000022214af7e00 JavaThread "Live Reload Server"         daemon [_thread_in_native, id=13548, stack(0x0000006c31500000,0x0000006c31600000) (1024K)]
  0x0000022214afd350 JavaThread "DestroyJavaVM"                     [_thread_blocked, id=3996, stack(0x0000006c2e400000,0x0000006c2e500000) (1024K)]
  0x0000022214afb280 JavaThread "Thread-83"                         [_thread_blocked, id=7360, stack(0x0000006c2e100000,0x0000006c2e200000) (1024K)]
=>0x0000022214af8490 JavaThread "restartedMain"                     [_thread_in_Java, id=13192, stack(0x0000006c2e200000,0x0000006c2e300000) (1024K)]
  0x0000022214afc630 JavaThread "Catalina-utility-1"                [_thread_blocked, id=16636, stack(0x0000006c2f900000,0x0000006c2fa00000) (1024K)]
  0x0000022214af91b0 JavaThread "Catalina-utility-2"                [_thread_blocked, id=11836, stack(0x0000006c2fa00000,0x0000006c2fb00000) (1024K)]
  0x0000022214afbfa0 JavaThread "container-0"                       [_thread_blocked, id=15636, stack(0x0000006c30500000,0x0000006c30600000) (1024K)]
  0x0000022214afa560 JavaThread "HikariPool-22 housekeeper"  daemon [_thread_blocked, id=16064, stack(0x0000006c30600000,0x0000006c30700000) (1024K)]
Total: 27

Other Threads:
  0x00000221cb8e9750 VMThread "VM Thread"                           [id=13036, stack(0x0000006c2eb00000,0x0000006c2ec00000) (1024K)]
  0x00000221cb8d17e0 WatcherThread "VM Periodic Task Thread"        [id=15996, stack(0x0000006c2ea00000,0x0000006c2eb00000) (1024K)]
  0x00000221ba6ad530 WorkerThread "GC Thread#0"                     [id=11216, stack(0x0000006c2e500000,0x0000006c2e600000) (1024K)]
  0x0000022211baab90 WorkerThread "GC Thread#1"                     [id=9680, stack(0x0000006c2fb00000,0x0000006c2fc00000) (1024K)]
  0x0000022211bab2d0 WorkerThread "GC Thread#2"                     [id=12188, stack(0x0000006c2fc00000,0x0000006c2fd00000) (1024K)]
  0x0000022211baaf30 WorkerThread "GC Thread#3"                     [id=24828, stack(0x0000006c2fd00000,0x0000006c2fe00000) (1024K)]
  0x0000022211bab670 WorkerThread "GC Thread#4"                     [id=12012, stack(0x0000006c2fe00000,0x0000006c2ff00000) (1024K)]
  0x0000022211baa7f0 WorkerThread "GC Thread#5"                     [id=14224, stack(0x0000006c2ff00000,0x0000006c30000000) (1024K)]
  0x0000022211baba10 WorkerThread "GC Thread#6"                     [id=13080, stack(0x0000006c30000000,0x0000006c30100000) (1024K)]
  0x0000022211baa0b0 WorkerThread "GC Thread#7"                     [id=11272, stack(0x0000006c30100000,0x0000006c30200000) (1024K)]
  0x00000221ba6b9070 ConcurrentGCThread "G1 Main Marker"            [id=12416, stack(0x0000006c2e600000,0x0000006c2e700000) (1024K)]
  0x00000221ba6bb0d0 WorkerThread "G1 Conc#0"                       [id=24360, stack(0x0000006c2e700000,0x0000006c2e800000) (1024K)]
  0x00000222126611e0 WorkerThread "G1 Conc#1"                       [id=2856, stack(0x0000006c30c00000,0x0000006c30d00000) (1024K)]
  0x00000221ba6eead0 ConcurrentGCThread "G1 Refine#0"               [id=26044, stack(0x0000006c2e800000,0x0000006c2e900000) (1024K)]
  0x00000221cb7a84e0 ConcurrentGCThread "G1 Service"                [id=22460, stack(0x0000006c2e900000,0x0000006c2ea00000) (1024K)]
Total: 15

Threads with active compile tasks:
Total: 0

VM state: not at safepoint (normal execution)

VM Mutex/Monitor currently owned by a thread: None

Heap address: 0x00000006c4400000, size: 5052 MB, Compressed Oops mode: Zero based, Oop shift amount: 3

CDS archive(s) mapped at: [0x00000221cc000000-0x00000221ccc80000-0x00000221ccc80000), size 13107200, SharedBaseAddress: 0x00000221cc000000, ArchiveRelocationMode: 1.
Compressed class space mapped at: 0x00000221cd000000-0x000002220d000000, reserved size: 1073741824
Narrow klass base: 0x00000221cc000000, Narrow klass shift: 0, Narrow klass range: 0x100000000

GC Precious Log:
 CardTable entry size: 512
 Card Set container configuration: InlinePtr #cards 4 size 8 Array Of Cards #cards 32 size 80 Howl #buckets 8 coarsen threshold 7372 Howl Bitmap #cards 1024 size 144 coarsen threshold 921 Card regions per heap region 1 cards per card region 8192
 CPUs: 8 total, 8 available
 Memory: 20206M
 Large Page Support: Disabled
 NUMA Support: Disabled
 Compressed Oops: Enabled (Zero based)
 Heap Region Size: 4M
 Heap Min Capacity: 8M
 Heap Initial Capacity: 316M
 Heap Max Capacity: 5052M
 Pre-touch: Disabled
 Parallel Workers: 8
 Concurrent Workers: 2
 Concurrent Refinement Workers: 8
 Periodic GC: Disabled

Heap:
 garbage-first heap   total 110592K, used 34874K [0x00000006c4400000, 0x0000000800000000)
  region size 4096K, 3 young (12288K), 2 survivors (8192K)
 Metaspace       used 83211K, committed 84224K, reserved 1179648K
  class space    used 11159K, committed 11648K, reserved 1048576K

Heap Regions: E=young(eden), S=young(survivor), O=old, HS=humongous(starts), HC=humongous(continues), CS=collection set, F=free, TAMS=top-at-mark-start, PB=parsable bottom
|   0|0x00000006c4400000, 0x00000006c47ffff8, 0x00000006c4800000| 99%| O|  |TAMS 0x00000006c4400000| PB 0x00000006c4400000| Untracked 
|   1|0x00000006c4800000, 0x00000006c4bfff80, 0x00000006c4c00000| 99%| O|  |TAMS 0x00000006c4800000| PB 0x00000006c4800000| Untracked 
|   2|0x00000006c4c00000, 0x00000006c4ffffe0, 0x00000006c5000000| 99%| O|  |TAMS 0x00000006c4c00000| PB 0x00000006c4c00000| Untracked 
|   3|0x00000006c5000000, 0x00000006c53ffea8, 0x00000006c5400000| 99%| O|  |TAMS 0x00000006c5000000| PB 0x00000006c5000000| Untracked 
|   4|0x00000006c5400000, 0x00000006c5800000, 0x00000006c5800000|100%| O|  |TAMS 0x00000006c5400000| PB 0x00000006c5400000| Untracked 
|   5|0x00000006c5800000, 0x00000006c5bfffe8, 0x00000006c5c00000| 99%| O|  |TAMS 0x00000006c5800000| PB 0x00000006c5800000| Untracked 
|   6|0x00000006c5c00000, 0x00000006c5d2da48, 0x00000006c6000000| 29%| O|Cm|TAMS 0x00000006c5c00000| PB 0x00000006c5c00000| Complete 
|   7|0x00000006c6000000, 0x00000006c63bb940, 0x00000006c6400000| 93%| O|  |TAMS 0x00000006c6000000| PB 0x00000006c6000000| Untracked 
|   8|0x00000006c6400000, 0x00000006c6400000, 0x00000006c6800000|  0%| F|  |TAMS 0x00000006c6400000| PB 0x00000006c6400000| Untracked 
|   9|0x00000006c6800000, 0x00000006c6800000, 0x00000006c6c00000|  0%| F|  |TAMS 0x00000006c6800000| PB 0x00000006c6800000| Untracked 
|  10|0x00000006c6c00000, 0x00000006c6d25700, 0x00000006c7000000| 28%| S|CS|TAMS 0x00000006c6c00000| PB 0x00000006c6c00000| Complete 
|  11|0x00000006c7000000, 0x00000006c7400000, 0x00000006c7400000|100%| S|CS|TAMS 0x00000006c7000000| PB 0x00000006c7000000| Complete 
|  12|0x00000006c7400000, 0x00000006c7400000, 0x00000006c7800000|  0%| F|  |TAMS 0x00000006c7400000| PB 0x00000006c7400000| Untracked 
|  13|0x00000006c7800000, 0x00000006c7800000, 0x00000006c7c00000|  0%| F|  |TAMS 0x00000006c7800000| PB 0x00000006c7800000| Untracked 
|  14|0x00000006c7c00000, 0x00000006c7c00000, 0x00000006c8000000|  0%| F|  |TAMS 0x00000006c7c00000| PB 0x00000006c7c00000| Untracked 
|  15|0x00000006c8000000, 0x00000006c8000000, 0x00000006c8400000|  0%| F|  |TAMS 0x00000006c8000000| PB 0x00000006c8000000| Untracked 
|  16|0x00000006c8400000, 0x00000006c8400000, 0x00000006c8800000|  0%| F|  |TAMS 0x00000006c8400000| PB 0x00000006c8400000| Untracked 
|  17|0x00000006c8800000, 0x00000006c8800000, 0x00000006c8c00000|  0%| F|  |TAMS 0x00000006c8800000| PB 0x00000006c8800000| Untracked 
|  18|0x00000006c8c00000, 0x00000006c8c00000, 0x00000006c9000000|  0%| F|  |TAMS 0x00000006c8c00000| PB 0x00000006c8c00000| Untracked 
|  19|0x00000006c9000000, 0x00000006c9000000, 0x00000006c9400000|  0%| F|  |TAMS 0x00000006c9000000| PB 0x00000006c9000000| Untracked 
|  20|0x00000006c9400000, 0x00000006c9400000, 0x00000006c9800000|  0%| F|  |TAMS 0x00000006c9400000| PB 0x00000006c9400000| Untracked 
|  21|0x00000006c9800000, 0x00000006c9800000, 0x00000006c9c00000|  0%| F|  |TAMS 0x00000006c9800000| PB 0x00000006c9800000| Untracked 
|  22|0x00000006c9c00000, 0x00000006c9c00000, 0x00000006ca000000|  0%| F|  |TAMS 0x00000006c9c00000| PB 0x00000006c9c00000| Untracked 
|  23|0x00000006ca000000, 0x00000006ca000000, 0x00000006ca400000|  0%| F|  |TAMS 0x00000006ca000000| PB 0x00000006ca000000| Untracked 
|  24|0x00000006ca400000, 0x00000006ca400000, 0x00000006ca800000|  0%| F|  |TAMS 0x00000006ca400000| PB 0x00000006ca400000| Untracked 
|  25|0x00000006ca800000, 0x00000006ca800000, 0x00000006cac00000|  0%| F|  |TAMS 0x00000006ca800000| PB 0x00000006ca800000| Untracked 
|  26|0x00000006cac00000, 0x00000006cacf5588, 0x00000006cb000000| 23%| E|  |TAMS 0x00000006cac00000| PB 0x00000006cac00000| Complete 

Card table byte_map: [0x00000221c3be0000,0x00000221c45c0000] _byte_map_base: 0x00000221c05be000

Marking Bits: (CMBitMap*) 0x00000221ba6adb40
 Bits: [0x00000221c45c0000, 0x00000221c94b0000)

Polling page: 0x00000221bbea0000

Metaspace:

Usage:
  Non-class:     70.36 MB used.
      Class:     10.90 MB used.
       Both:     81.26 MB used.

Virtual space:
  Non-class space:      128.00 MB reserved,      70.88 MB ( 55%) committed,  2 nodes.
      Class space:        1.00 GB reserved,      11.38 MB (  1%) committed,  1 nodes.
             Both:        1.12 GB reserved,      82.25 MB (  7%) committed. 

Chunk freelists:
   Non-Class:  8.27 MB
       Class:  4.60 MB
        Both:  12.87 MB

MaxMetaspaceSize: unlimited
CompressedClassSpaceSize: 1.00 GB
Initial GC threshold: 21.00 MB
Current GC threshold: 137.12 MB
CDS: on
 - commit_granule_bytes: 65536.
 - commit_granule_words: 8192.
 - virtual_space_node_default_size: 8388608.
 - enlarge_chunks_in_place: 1.
 - use_allocation_guard: 0.


Internal statistics:

num_allocs_failed_limit: 9.
num_arena_births: 1678.
num_arena_deaths: 684.
num_vsnodes_births: 3.
num_vsnodes_deaths: 0.
num_space_committed: 1316.
num_space_uncommitted: 0.
num_chunks_returned_to_freelist: 794.
num_chunks_taken_from_freelist: 4962.
num_chunk_merges: 169.
num_chunk_splits: 3205.
num_chunks_enlarged: 2475.
num_inconsistent_stats: 0.

CodeCache: size=49152Kb used=20424Kb max_used=21116Kb free=28727Kb
 bounds [0x00000221bfa90000, 0x00000221c0f40000, 0x00000221c2a90000]
 total_blobs=10643 nmethods=9874 adapters=692
 compilation: enabled
              stopped_count=0, restarted_count=0
 full_count=0

Compilation events (20 events):
Event: 1449.390 Thread 0x00000221cb928640 13796       1       org.hibernate.resource.jdbc.internal.AbstractLogicalConnectionImplementor::getStatus (5 bytes)
Event: 1449.391 Thread 0x00000221cb928640 nmethod 13796 0x00000221c0e4c710 code [0x00000221c0e4c8a0, 0x00000221c0e4c970]
Event: 1449.420 Thread 0x00000221cb928640 13797       1       com.zaxxer.hikari.pool.HikariPool::logPoolState (92 bytes)
Event: 1449.421 Thread 0x00000221cb928640 nmethod 13797 0x00000221c0e4b310 code [0x00000221c0e4b560, 0x00000221c0e4c0d8]
Event: 1449.631 Thread 0x000002221a08cf00 13798       1       java.security.KeyPairGeneratorSpi::<init> (5 bytes)
Event: 1449.631 Thread 0x000002221a08cf00 nmethod 13798 0x00000221c0e4b010 code [0x00000221c0e4b1a0, 0x00000221c0e4b268]
Event: 1449.739 Thread 0x000002221a08cf00 13799       1       java.security.SignatureSpi::<init> (10 bytes)
Event: 1449.739 Thread 0x000002221a08cf00 nmethod 13799 0x00000221c0e4ad10 code [0x00000221c0e4aea0, 0x00000221c0e4af90]
Event: 1450.272 Thread 0x000002221a08cf00 13800       1       com.zaxxer.hikari.HikariConfig::getUsername (5 bytes)
Event: 1450.272 Thread 0x00000221cb928640 13801       1       com.zaxxer.hikari.HikariConfig::getPassword (5 bytes)
Event: 1450.272 Thread 0x000002221a08cf00 nmethod 13800 0x00000221c0e4aa10 code [0x00000221c0e4aba0, 0x00000221c0e4ac70]
Event: 1450.272 Thread 0x00000221cb928640 nmethod 13801 0x00000221c0e4a710 code [0x00000221c0e4a8a0, 0x00000221c0e4a970]
Event: 1450.272 Thread 0x000002221a08cf00 13802       1       java.util.HashMap$EntrySpliterator::characteristics (30 bytes)
Event: 1450.272 Thread 0x000002221a08cf00 nmethod 13802 0x00000221c0e4a410 code [0x00000221c0e4a5a0, 0x00000221c0e4a6a0]
Event: 1450.476 Thread 0x000002221a08cf00 13803   !   1       java.lang.Integer::getInteger (23 bytes)
Event: 1450.477 Thread 0x000002221a08cf00 nmethod 13803 0x00000221c0e49f10 code [0x00000221c0e4a0e0, 0x00000221c0e4a2a0]
Event: 1451.128 Thread 0x000002221a08cf00 13804       1       java.net.Proxy::type (5 bytes)
Event: 1451.128 Thread 0x000002221a08cf00 nmethod 13804 0x00000221c0e49790 code [0x00000221c0e49920, 0x00000221c0e499f0]
Event: 1451.331 Thread 0x000002221a08cf00 13806       1       sun.security.ssl.SSLExtensions::send (84 bytes)
Event: 1451.332 Thread 0x000002221a08cf00 nmethod 13806 0x00000221c0e48b90 code [0x00000221c0e48e20, 0x00000221c0e49368]

GC Heap History (20 events):
Event: 1361.921 GC heap before
{Heap before GC invocations=72 (full 16):
 garbage-first heap   total 110592K, used 58839K [0x00000006c4400000, 0x0000000800000000)
  region size 4096K, 9 young (36864K), 2 survivors (8192K)
 Metaspace       used 81759K, committed 82688K, reserved 1179648K
  class space    used 11035K, committed 11456K, reserved 1048576K
}
Event: 1361.971 GC heap after
{Heap after GC invocations=73 (full 17):
 garbage-first heap   total 110592K, used 29154K [0x00000006c4400000, 0x0000000800000000)
  region size 4096K, 0 young (0K), 0 survivors (0K)
 Metaspace       used 81756K, committed 82688K, reserved 1179648K
  class space    used 11035K, committed 11456K, reserved 1048576K
}
Event: 1364.189 GC heap before
{Heap before GC invocations=73 (full 17):
 garbage-first heap   total 110592K, used 86498K [0x00000006c4400000, 0x0000000800000000)
  region size 4096K, 15 young (61440K), 0 survivors (0K)
 Metaspace       used 82035K, committed 83008K, reserved 1179648K
  class space    used 11060K, committed 11520K, reserved 1048576K
}
Event: 1364.193 GC heap after
{Heap after GC invocations=74 (full 17):
 garbage-first heap   total 110592K, used 34189K [0x00000006c4400000, 0x0000000800000000)
  region size 4096K, 2 young (8192K), 2 survivors (8192K)
 Metaspace       used 82035K, committed 83008K, reserved 1179648K
  class space    used 11060K, committed 11520K, reserved 1048576K
}
Event: 1366.212 GC heap before
{Heap before GC invocations=75 (full 17):
 garbage-first heap   total 110592K, used 54669K [0x00000006c4400000, 0x0000000800000000)
  region size 4096K, 8 young (32768K), 2 survivors (8192K)
 Metaspace       used 82043K, committed 83008K, reserved 1179648K
  class space    used 11062K, committed 11520K, reserved 1048576K
}
Event: 1366.261 GC heap after
{Heap after GC invocations=76 (full 18):
 garbage-first heap   total 110592K, used 28905K [0x00000006c4400000, 0x0000000800000000)
  region size 4096K, 0 young (0K), 0 survivors (0K)
 Metaspace       used 82039K, committed 83008K, reserved 1179648K
  class space    used 11061K, committed 11520K, reserved 1048576K
}
Event: 1368.598 GC heap before
{Heap before GC invocations=76 (full 18):
 garbage-first heap   total 110592K, used 86249K [0x00000006c4400000, 0x0000000800000000)
  region size 4096K, 15 young (61440K), 0 survivors (0K)
 Metaspace       used 82316K, committed 83264K, reserved 1179648K
  class space    used 11085K, committed 11520K, reserved 1048576K
}
Event: 1368.601 GC heap after
{Heap after GC invocations=77 (full 18):
 garbage-first heap   total 110592K, used 34059K [0x00000006c4400000, 0x0000000800000000)
  region size 4096K, 2 young (8192K), 2 survivors (8192K)
 Metaspace       used 82316K, committed 83264K, reserved 1179648K
  class space    used 11085K, committed 11520K, reserved 1048576K
}
Event: 1408.977 GC heap before
{Heap before GC invocations=78 (full 18):
 garbage-first heap   total 110592K, used 54539K [0x00000006c4400000, 0x0000000800000000)
  region size 4096K, 8 young (32768K), 2 survivors (8192K)
 Metaspace       used 82336K, committed 83264K, reserved 1179648K
  class space    used 11087K, committed 11520K, reserved 1048576K
}
Event: 1409.031 GC heap after
{Heap after GC invocations=79 (full 19):
 garbage-first heap   total 110592K, used 29180K [0x00000006c4400000, 0x0000000800000000)
  region size 4096K, 0 young (0K), 0 survivors (0K)
 Metaspace       used 82333K, committed 83264K, reserved 1179648K
  class space    used 11086K, committed 11520K, reserved 1048576K
}
Event: 1411.448 GC heap before
{Heap before GC invocations=79 (full 19):
 garbage-first heap   total 110592K, used 86524K [0x00000006c4400000, 0x0000000800000000)
  region size 4096K, 15 young (61440K), 0 survivors (0K)
 Metaspace       used 82612K, committed 83584K, reserved 1179648K
  class space    used 11110K, committed 11584K, reserved 1048576K
}
Event: 1411.451 GC heap after
{Heap after GC invocations=80 (full 19):
 garbage-first heap   total 110592K, used 34207K [0x00000006c4400000, 0x0000000800000000)
  region size 4096K, 2 young (8192K), 2 survivors (8192K)
 Metaspace       used 82612K, committed 83584K, reserved 1179648K
  class space    used 11110K, committed 11584K, reserved 1048576K
}
Event: 1420.661 GC heap before
{Heap before GC invocations=81 (full 19):
 garbage-first heap   total 110592K, used 54687K [0x00000006c4400000, 0x0000000800000000)
  region size 4096K, 8 young (32768K), 2 survivors (8192K)
 Metaspace       used 82632K, committed 83584K, reserved 1179648K
  class space    used 11111K, committed 11584K, reserved 1048576K
}
Event: 1420.714 GC heap after
{Heap after GC invocations=82 (full 20):
 garbage-first heap   total 110592K, used 29393K [0x00000006c4400000, 0x0000000800000000)
  region size 4096K, 0 young (0K), 0 survivors (0K)
 Metaspace       used 82630K, committed 83584K, reserved 1179648K
  class space    used 11111K, committed 11584K, reserved 1048576K
}
Event: 1423.000 GC heap before
{Heap before GC invocations=82 (full 20):
 garbage-first heap   total 110592K, used 90833K [0x00000006c4400000, 0x0000000800000000)
  region size 4096K, 15 young (61440K), 0 survivors (0K)
 Metaspace       used 82905K, committed 83840K, reserved 1179648K
  class space    used 11134K, committed 11584K, reserved 1048576K
}
Event: 1423.003 GC heap after
{Heap after GC invocations=83 (full 20):
 garbage-first heap   total 110592K, used 34542K [0x00000006c4400000, 0x0000000800000000)
  region size 4096K, 2 young (8192K), 2 survivors (8192K)
 Metaspace       used 82905K, committed 83840K, reserved 1179648K
  class space    used 11134K, committed 11584K, reserved 1048576K
}
Event: 1447.051 GC heap before
{Heap before GC invocations=84 (full 20):
 garbage-first heap   total 110592K, used 55022K [0x00000006c4400000, 0x0000000800000000)
  region size 4096K, 8 young (32768K), 2 survivors (8192K)
 Metaspace       used 82909K, committed 83904K, reserved 1179648K
  class space    used 11135K, committed 11584K, reserved 1048576K
}
Event: 1447.109 GC heap after
{Heap after GC invocations=85 (full 21):
 garbage-first heap   total 110592K, used 29604K [0x00000006c4400000, 0x0000000800000000)
  region size 4096K, 0 young (0K), 0 survivors (0K)
 Metaspace       used 82907K, committed 83904K, reserved 1179648K
  class space    used 11134K, committed 11584K, reserved 1048576K
}
Event: 1450.580 GC heap before
{Heap before GC invocations=85 (full 21):
 garbage-first heap   total 110592K, used 91044K [0x00000006c4400000, 0x0000000800000000)
  region size 4096K, 15 young (61440K), 0 survivors (0K)
 Metaspace       used 83191K, committed 84224K, reserved 1179648K
  class space    used 11160K, committed 11648K, reserved 1048576K
}
Event: 1450.584 GC heap after
{Heap after GC invocations=86 (full 21):
 garbage-first heap   total 110592K, used 34874K [0x00000006c4400000, 0x0000000800000000)
  region size 4096K, 2 young (8192K), 2 survivors (8192K)
 Metaspace       used 83191K, committed 84224K, reserved 1179648K
  class space    used 11160K, committed 11648K, reserved 1048576K
}

Dll operation events (12 events):
Event: 0.008 Loaded shared library E:\AmbienteDesarrollo\sts-4.27.0.RELEASE\plugins\org.eclipse.justj.openjdk.hotspot.jre.full.win32.x86_64_21.0.5.v20241023-1957\jre\bin\java.dll
Event: 0.031 Loaded shared library E:\AmbienteDesarrollo\sts-4.27.0.RELEASE\plugins\org.eclipse.justj.openjdk.hotspot.jre.full.win32.x86_64_21.0.5.v20241023-1957\jre\bin\zip.dll
Event: 0.213 Loaded shared library E:\AmbienteDesarrollo\sts-4.27.0.RELEASE\plugins\org.eclipse.justj.openjdk.hotspot.jre.full.win32.x86_64_21.0.5.v20241023-1957\jre\bin\instrument.dll
Event: 0.217 Loaded shared library E:\AmbienteDesarrollo\sts-4.27.0.RELEASE\plugins\org.eclipse.justj.openjdk.hotspot.jre.full.win32.x86_64_21.0.5.v20241023-1957\jre\bin\net.dll
Event: 0.218 Loaded shared library E:\AmbienteDesarrollo\sts-4.27.0.RELEASE\plugins\org.eclipse.justj.openjdk.hotspot.jre.full.win32.x86_64_21.0.5.v20241023-1957\jre\bin\nio.dll
Event: 0.220 Loaded shared library E:\AmbienteDesarrollo\sts-4.27.0.RELEASE\plugins\org.eclipse.justj.openjdk.hotspot.jre.full.win32.x86_64_21.0.5.v20241023-1957\jre\bin\zip.dll
Event: 0.327 Loaded shared library E:\AmbienteDesarrollo\sts-4.27.0.RELEASE\plugins\org.eclipse.justj.openjdk.hotspot.jre.full.win32.x86_64_21.0.5.v20241023-1957\jre\bin\jimage.dll
Event: 0.362 Loaded shared library E:\AmbienteDesarrollo\sts-4.27.0.RELEASE\plugins\org.eclipse.justj.openjdk.hotspot.jre.full.win32.x86_64_21.0.5.v20241023-1957\jre\bin\management.dll
Event: 0.370 Loaded shared library E:\AmbienteDesarrollo\sts-4.27.0.RELEASE\plugins\org.eclipse.justj.openjdk.hotspot.jre.full.win32.x86_64_21.0.5.v20241023-1957\jre\bin\management_ext.dll
Event: 0.554 Loaded shared library E:\AmbienteDesarrollo\sts-4.27.0.RELEASE\plugins\org.eclipse.justj.openjdk.hotspot.jre.full.win32.x86_64_21.0.5.v20241023-1957\jre\bin\extnet.dll
Event: 0.576 Loaded shared library E:\AmbienteDesarrollo\sts-4.27.0.RELEASE\plugins\org.eclipse.justj.openjdk.hotspot.jre.full.win32.x86_64_21.0.5.v20241023-1957\jre\bin\verify.dll
Event: 1.762 Loaded shared library E:\AmbienteDesarrollo\sts-4.27.0.RELEASE\plugins\org.eclipse.justj.openjdk.hotspot.jre.full.win32.x86_64_21.0.5.v20241023-1957\jre\bin\sunmscapi.dll

Deoptimization events (20 events):
Event: 1449.370 Thread 0x0000022214af8490 DEOPT PACKING pc=0x00000221c02b5574 sp=0x0000006c2e2f9500
Event: 1449.370 Thread 0x0000022214af8490 DEOPT UNPACKING pc=0x00000221bfae88e2 sp=0x0000006c2e2f8ab0 mode 1
Event: 1449.370 Thread 0x0000022214af8490 DEOPT PACKING pc=0x00000221c02b68ac sp=0x0000006c2e2f9670
Event: 1449.370 Thread 0x0000022214af8490 DEOPT UNPACKING pc=0x00000221bfae88e2 sp=0x0000006c2e2f8c30 mode 1
Event: 1449.388 Thread 0x0000022214af8490 DEOPT PACKING pc=0x00000221c0402b3c sp=0x0000006c2e2fa440
Event: 1449.388 Thread 0x0000022214af8490 DEOPT UNPACKING pc=0x00000221bfae88e2 sp=0x0000006c2e2f9998 mode 1
Event: 1449.388 Thread 0x0000022214af8490 DEOPT PACKING pc=0x00000221bfdd400c sp=0x0000006c2e2fa550
Event: 1449.388 Thread 0x0000022214af8490 DEOPT UNPACKING pc=0x00000221bfae88e2 sp=0x0000006c2e2f9a00 mode 1
Event: 1449.388 Thread 0x0000022214af8490 DEOPT PACKING pc=0x00000221c0402b3c sp=0x0000006c2e2fa440
Event: 1449.388 Thread 0x0000022214af8490 DEOPT UNPACKING pc=0x00000221bfae88e2 sp=0x0000006c2e2f9998 mode 1
Event: 1449.388 Thread 0x0000022214af8490 DEOPT PACKING pc=0x00000221bfdd400c sp=0x0000006c2e2fa550
Event: 1449.388 Thread 0x0000022214af8490 DEOPT UNPACKING pc=0x00000221bfae88e2 sp=0x0000006c2e2f9a00 mode 1
Event: 1449.390 Thread 0x0000022214af8490 DEOPT PACKING pc=0x00000221c09383d4 sp=0x0000006c2e2fa110
Event: 1449.391 Thread 0x0000022214af8490 DEOPT UNPACKING pc=0x00000221bfae88e2 sp=0x0000006c2e2f95b8 mode 1
Event: 1449.391 Thread 0x0000022214af8490 DEOPT PACKING pc=0x00000221c05355fc sp=0x0000006c2e2fa190
Event: 1449.391 Thread 0x0000022214af8490 DEOPT UNPACKING pc=0x00000221bfae88e2 sp=0x0000006c2e2f96a0 mode 1
Event: 1449.391 Thread 0x0000022214af8490 DEOPT PACKING pc=0x00000221c0d7e6d4 sp=0x0000006c2e2fa340
Event: 1449.391 Thread 0x0000022214af8490 DEOPT UNPACKING pc=0x00000221bfae88e2 sp=0x0000006c2e2f9818 mode 1
Event: 1478.884 Thread 0x0000022214af8490 DEOPT PACKING pc=0x00000221c007f844 sp=0x0000006c2e2fd500
Event: 1478.884 Thread 0x0000022214af8490 DEOPT UNPACKING pc=0x00000221bfae88e2 sp=0x0000006c2e2fc9b8 mode 0

Classes loaded (20 events):
Event: 186.482 Loading class java/util/concurrent/locks/AbstractQueuedSynchronizer$SharedNode
Event: 186.482 Loading class java/util/concurrent/locks/AbstractQueuedSynchronizer$SharedNode done
Event: 186.495 Loading class java/util/AbstractMap$2
Event: 186.495 Loading class java/util/AbstractMap$2 done
Event: 186.496 Loading class java/util/AbstractMap$2$1
Event: 186.496 Loading class java/util/AbstractMap$2$1 done
Event: 186.499 Loading class sun/security/ssl/Alert
Event: 186.499 Loading class sun/security/ssl/Alert done
Event: 186.499 Loading class sun/security/ssl/Alert$AlertConsumer
Event: 186.500 Loading class sun/security/ssl/Alert$AlertConsumer done
Event: 186.500 Loading class sun/security/ssl/Alert$Level
Event: 186.500 Loading class sun/security/ssl/Alert$Level done
Event: 186.602 Loading class sun/net/ConnectionResetException
Event: 186.602 Loading class sun/net/ConnectionResetException done
Event: 187.070 Loading class java/lang/ref/Finalizer$2
Event: 187.071 Loading class java/lang/ref/Finalizer$2 done
Event: 187.071 Loading class java/lang/ref/Finalizer$1
Event: 187.071 Loading class java/lang/ref/Finalizer$1 done
Event: 791.390 Loading class jdk/internal/reflect/MethodHandleDoubleFieldAccessorImpl
Event: 791.390 Loading class jdk/internal/reflect/MethodHandleDoubleFieldAccessorImpl done

Classes unloaded (20 events):
Event: 1266.589 Thread 0x00000221cb8e9750 Unloading class 0x00000221cdb2c800 'jdk/internal/reflect/GeneratedSerializationConstructorAccessor29'
Event: 1266.589 Thread 0x00000221cb8e9750 Unloading class 0x00000221cdb2c400 'jdk/internal/reflect/GeneratedSerializationConstructorAccessor28'
Event: 1266.589 Thread 0x00000221cb8e9750 Unloading class 0x00000221cdb2c000 'jdk/internal/reflect/GeneratedSerializationConstructorAccessor27'
Event: 1266.589 Thread 0x00000221cb8e9750 Unloading class 0x00000221cd40c800 'java/lang/invoke/LambdaForm$MH+0x00000221cd40c800'
Event: 1266.589 Thread 0x00000221cb8e9750 Unloading class 0x00000221cda12800 'java/lang/invoke/LambdaForm$MH+0x00000221cda12800'
Event: 1361.938 Thread 0x00000221cb8e9750 Unloading class 0x00000221cd40d800 'org/apache/catalina/loader/JdbcLeakPrevention'
Event: 1364.215 Thread 0x00000221cb8e9750 Unloading class 0x00000221cdb3c000 'java/lang/invoke/LambdaForm$MH+0x00000221cdb3c000'
Event: 1364.215 Thread 0x00000221cb8e9750 Unloading class 0x00000221cd4d0400 'jdk/internal/reflect/GeneratedSerializationConstructorAccessor26'
Event: 1364.215 Thread 0x00000221cb8e9750 Unloading class 0x00000221cd4c4400 'java/lang/invoke/LambdaForm$MH+0x00000221cd4c4400'
Event: 1364.215 Thread 0x00000221cb8e9750 Unloading class 0x00000221cd4a8400 'java/lang/invoke/LambdaForm$MH+0x00000221cd4a8400'
Event: 1364.215 Thread 0x00000221cb8e9750 Unloading class 0x00000221cd43d000 'java/lang/invoke/LambdaForm$MH+0x00000221cd43d000'
Event: 1364.215 Thread 0x00000221cb8e9750 Unloading class 0x00000221cd412c00 'java/lang/invoke/LambdaForm$MH+0x00000221cd412c00'
Event: 1364.215 Thread 0x00000221cb8e9750 Unloading class 0x00000221cd40f800 'java/lang/invoke/LambdaForm$MH+0x00000221cd40f800'
Event: 1366.227 Thread 0x00000221cb8e9750 Unloading class 0x00000221cdb3c400 'java/lang/invoke/LambdaForm$MH+0x00000221cdb3c400'
Event: 1366.227 Thread 0x00000221cb8e9750 Unloading class 0x00000221cdb2c000 'org/apache/catalina/loader/JdbcLeakPrevention'
Event: 1408.998 Thread 0x00000221cb8e9750 Unloading class 0x00000221cdb44c00 'org/apache/catalina/loader/JdbcLeakPrevention'
Event: 1420.679 Thread 0x00000221cb8e9750 Unloading class 0x00000221cdb4c800 'org/apache/catalina/loader/JdbcLeakPrevention'
Event: 1447.075 Thread 0x00000221cb8e9750 Unloading class 0x00000221cdb54800 'org/apache/catalina/loader/JdbcLeakPrevention'
Event: 1450.608 Thread 0x00000221cb8e9750 Unloading class 0x00000221cdb3cc00 'java/lang/invoke/LambdaForm$MH+0x00000221cdb3cc00'
Event: 1450.608 Thread 0x00000221cb8e9750 Unloading class 0x00000221cdb3c800 'java/lang/invoke/LambdaForm$MH+0x00000221cdb3c800'

Classes redefined (6 events):
Event: 185.307 Thread 0x00000221cb8e9750 redefined class name=co.com.nexos_software.controller.CardController, count=1
Event: 192.534 Thread 0x00000221cb8e9750 redefined class name=co.com.nexos_software.controller.CardController, count=2
Event: 192.534 Thread 0x00000221cb8e9750 redefined class name=co.com.nexos_software.controller.CardController, count=1
Event: 197.336 Thread 0x00000221cb8e9750 redefined class name=co.com.nexos_software.controller.CardController, count=3
Event: 197.336 Thread 0x00000221cb8e9750 redefined class name=co.com.nexos_software.controller.CardController, count=1
Event: 197.336 Thread 0x00000221cb8e9750 redefined class name=co.com.nexos_software.controller.CardController, count=2

Internal exceptions (20 events):
Event: 1420.661 Thread 0x0000022214af9ed0 Exception <a 'java/lang/InterruptedException'{0x00000006c99b4338}: sleep interrupted> (0x00000006c99b4338) 
thrown [s\src\hotspot\share\prims\jvm.cpp, line 3074]
Event: 1420.727 Thread 0x00000222151feda0 Exception <a 'sun/nio/fs/WindowsException'{0x00000006caca7ef8}> (0x00000006caca7ef8) 
thrown [s\src\hotspot\share\prims\jni.cpp, line 520]
Event: 1420.949 Thread 0x00000222151feda0 Exception <a 'java/lang/NoClassDefFoundError'{0x00000006c91fd700}: org/flywaydb/core/Flyway> (0x00000006c91fd700) 
thrown [s\src\hotspot\share\oops\constantPool.cpp, line 873]
Event: 1420.951 Thread 0x00000222151feda0 Exception <a 'java/lang/NoClassDefFoundError'{0x00000006c91fdd60}: liquibase/integration/spring/SpringLiquibase> (0x00000006c91fdd60) 
thrown [s\src\hotspot\share\oops\constantPool.cpp, line 873]
Event: 1420.956 Thread 0x00000222151feda0 Exception <a 'java/lang/NoClassDefFoundError'{0x00000006c926adb8}: org/jooq/DSLContext> (0x00000006c926adb8) 
thrown [s\src\hotspot\share\oops\constantPool.cpp, line 873]
Event: 1420.958 Thread 0x00000222151feda0 Exception <a 'java/lang/NoClassDefFoundError'{0x00000006c9278230}: org/springframework/batch/core/repository/JobRepository> (0x00000006c9278230) 
thrown [s\src\hotspot\share\oops\constantPool.cpp, line 873]
Event: 1420.960 Thread 0x00000222151feda0 Exception <a 'java/lang/NoClassDefFoundError'{0x00000006c9278888}: org/quartz/Scheduler> (0x00000006c9278888) 
thrown [s\src\hotspot\share\oops\constantPool.cpp, line 873]
Event: 1420.962 Thread 0x00000222151feda0 Exception <a 'java/lang/NoClassDefFoundError'{0x00000006c9278f08}: org/springframework/session/jdbc/JdbcIndexedSessionRepository> (0x00000006c9278f08) 
thrown [s\src\hotspot\share\oops\constantPool.cpp, line 873]
Event: 1421.005 Thread 0x00000222151feda0 Exception <a 'java/io/FileNotFoundException'{0x00000006c89693c0}> (0x00000006c89693c0) 
thrown [s\src\hotspot\share\prims\jni.cpp, line 520]
Event: 1421.023 Thread 0x00000222151feda0 Exception <a 'java/io/FileNotFoundException'{0x00000006c8b59418}> (0x00000006c8b59418) 
thrown [s\src\hotspot\share\prims\jni.cpp, line 520]
Event: 1447.051 Thread 0x0000022215201500 Exception <a 'java/lang/InterruptedException'{0x00000006c9aa90c0}: sleep interrupted> (0x00000006c9aa90c0) 
thrown [s\src\hotspot\share\prims\jvm.cpp, line 3074]
Event: 1447.123 Thread 0x0000022214af8490 Exception <a 'sun/nio/fs/WindowsException'{0x00000006cacac360}> (0x00000006cacac360) 
thrown [s\src\hotspot\share\prims\jni.cpp, line 520]
Event: 1447.346 Thread 0x0000022214af8490 Exception <a 'java/lang/NoClassDefFoundError'{0x00000006c9209b60}: org/flywaydb/core/Flyway> (0x00000006c9209b60) 
thrown [s\src\hotspot\share\oops\constantPool.cpp, line 873]
Event: 1447.348 Thread 0x0000022214af8490 Exception <a 'java/lang/NoClassDefFoundError'{0x00000006c920a1c0}: liquibase/integration/spring/SpringLiquibase> (0x00000006c920a1c0) 
thrown [s\src\hotspot\share\oops\constantPool.cpp, line 873]
Event: 1447.353 Thread 0x0000022214af8490 Exception <a 'java/lang/NoClassDefFoundError'{0x00000006c92777a0}: org/jooq/DSLContext> (0x00000006c92777a0) 
thrown [s\src\hotspot\share\oops\constantPool.cpp, line 873]
Event: 1447.355 Thread 0x0000022214af8490 Exception <a 'java/lang/NoClassDefFoundError'{0x00000006c9284c18}: org/springframework/batch/core/repository/JobRepository> (0x00000006c9284c18) 
thrown [s\src\hotspot\share\oops\constantPool.cpp, line 873]
Event: 1447.356 Thread 0x0000022214af8490 Exception <a 'java/lang/NoClassDefFoundError'{0x00000006c9285270}: org/quartz/Scheduler> (0x00000006c9285270) 
thrown [s\src\hotspot\share\oops\constantPool.cpp, line 873]
Event: 1447.357 Thread 0x0000022214af8490 Exception <a 'java/lang/NoClassDefFoundError'{0x00000006c92858f0}: org/springframework/session/jdbc/JdbcIndexedSessionRepository> (0x00000006c92858f0) 
thrown [s\src\hotspot\share\oops\constantPool.cpp, line 873]
Event: 1447.392 Thread 0x0000022214af8490 Exception <a 'java/io/FileNotFoundException'{0x00000006c89749c8}> (0x00000006c89749c8) 
thrown [s\src\hotspot\share\prims\jni.cpp, line 520]
Event: 1447.409 Thread 0x0000022214af8490 Exception <a 'java/io/FileNotFoundException'{0x00000006c8b65410}> (0x00000006c8b65410) 
thrown [s\src\hotspot\share\prims\jni.cpp, line 520]

ZGC Phase Switch (0 events):
No events

VM Operations (20 events):
Event: 1479.040 Executing VM operation: get/set locals
Event: 1479.040 Executing VM operation: get/set locals done
Event: 1479.041 Executing VM operation: get/set locals
Event: 1479.041 Executing VM operation: get/set locals done
Event: 1479.041 Executing VM operation: get/set locals
Event: 1479.041 Executing VM operation: get/set locals done
Event: 1479.041 Executing VM operation: get/set locals
Event: 1479.041 Executing VM operation: get/set locals done
Event: 1479.041 Executing VM operation: get/set locals
Event: 1479.041 Executing VM operation: get/set locals done
Event: 1479.042 Executing VM operation: get/set locals
Event: 1479.042 Executing VM operation: get/set locals done
Event: 1479.042 Executing VM operation: get/set locals
Event: 1479.042 Executing VM operation: get/set locals done
Event: 1479.042 Executing VM operation: get/set locals
Event: 1479.042 Executing VM operation: get/set locals done
Event: 1479.043 Executing VM operation: get/set locals
Event: 1479.043 Executing VM operation: get/set locals done
Event: 1479.043 Executing VM operation: get/set locals
Event: 1479.043 Executing VM operation: get/set locals done

Memory protections (0 events):
No events

Nmethod flushes (20 events):
Event: 1447.089 Thread 0x00000221cb8e9750 flushing  nmethod 0x00000221c0a9b490
Event: 1447.089 Thread 0x00000221cb8e9750 flushing  nmethod 0x00000221c0abd110
Event: 1447.089 Thread 0x00000221cb8e9750 flushing  nmethod 0x00000221c0abd910
Event: 1447.089 Thread 0x00000221cb8e9750 flushing  nmethod 0x00000221c0abdc10
Event: 1447.089 Thread 0x00000221cb8e9750 flushing  nmethod 0x00000221c0abe690
Event: 1447.089 Thread 0x00000221cb8e9750 flushing  nmethod 0x00000221c0ac9d10
Event: 1447.089 Thread 0x00000221cb8e9750 flushing  nmethod 0x00000221c0aca110
Event: 1447.089 Thread 0x00000221cb8e9750 flushing  nmethod 0x00000221c0ae4110
Event: 1447.089 Thread 0x00000221cb8e9750 flushing  nmethod 0x00000221c0ae4990
Event: 1447.089 Thread 0x00000221cb8e9750 flushing  nmethod 0x00000221c0b29b10
Event: 1447.089 Thread 0x00000221cb8e9750 flushing  nmethod 0x00000221c0b2c010
Event: 1447.089 Thread 0x00000221cb8e9750 flushing  nmethod 0x00000221c0b4d290
Event: 1447.089 Thread 0x00000221cb8e9750 flushing  nmethod 0x00000221c0b71090
Event: 1447.089 Thread 0x00000221cb8e9750 flushing  nmethod 0x00000221c0b71390
Event: 1447.089 Thread 0x00000221cb8e9750 flushing  nmethod 0x00000221c0b71690
Event: 1447.089 Thread 0x00000221cb8e9750 flushing  nmethod 0x00000221c0b71990
Event: 1447.089 Thread 0x00000221cb8e9750 flushing  nmethod 0x00000221c0c75d10
Event: 1447.089 Thread 0x00000221cb8e9750 flushing  nmethod 0x00000221c0ca6790
Event: 1447.089 Thread 0x00000221cb8e9750 flushing  nmethod 0x00000221c0cd8910
Event: 1447.089 Thread 0x00000221cb8e9750 flushing  nmethod 0x00000221c0cd8e10

Events (20 events):
Event: 1446.545 Thread 0x00000222151ffac0 Thread exited: 0x00000222151ffac0
Event: 1447.047 Thread 0x0000022214afabf0 Thread exited: 0x0000022214afabf0
Event: 1447.051 Thread 0x0000022215201500 Thread exited: 0x0000022215201500
Event: 1447.051 Thread 0x0000022215200150 Thread exited: 0x0000022215200150
Event: 1447.109 Thread 0x0000022214afb280 Thread added: 0x0000022214af9ed0
Event: 1447.109 Thread 0x00000222152007e0 Thread exited: 0x00000222152007e0
Event: 1447.110 Thread 0x0000022214af9ed0 Thread exited: 0x0000022214af9ed0
Event: 1447.110 Thread 0x0000022214afb280 Thread added: 0x0000022214af8490
Event: 1447.138 Thread 0x00000221cb928640 Thread added: 0x000002221a08f110
Event: 1447.160 Thread 0x0000022214af8490 Thread added: 0x0000022214afa560
Event: 1447.187 Thread 0x0000022214afa560 Thread exited: 0x0000022214afa560
Event: 1447.410 Thread 0x0000022214af8490 Thread added: 0x0000022214afc630
Event: 1447.410 Thread 0x0000022214af8490 Thread added: 0x0000022214af91b0
Event: 1447.410 Thread 0x0000022214af8490 Thread added: 0x0000022214afbfa0
Event: 1448.442 Thread 0x0000022214af8490 Thread added: 0x0000022214afa560
Event: 1448.543 Thread 0x000002221a08f110 Thread exited: 0x000002221a08f110
Event: 1448.549 Thread 0x0000022214afa560 Thread added: 0x0000022214afabf0
Event: 1448.585 Thread 0x00000221cb928640 Thread added: 0x000002221a08cf00
Event: 1456.333 Thread 0x000002221a08cf00 Thread exited: 0x000002221a08cf00
Event: 1457.003 Thread 0x0000022214afabf0 Thread exited: 0x0000022214afabf0


Dynamic libraries:
0x00007ff682810000 - 0x00007ff68281e000 	E:\AmbienteDesarrollo\sts-4.27.0.RELEASE\plugins\org.eclipse.justj.openjdk.hotspot.jre.full.win32.x86_64_21.0.5.v20241023-1957\jre\bin\javaw.exe
0x00007ff98cc20000 - 0x00007ff98ce83000 	C:\WINDOWS\SYSTEM32\ntdll.dll
0x00007ff98b450000 - 0x00007ff98b517000 	C:\WINDOWS\System32\KERNEL32.DLL
0x00007ff989fc0000 - 0x00007ff98a387000 	C:\WINDOWS\System32\KERNELBASE.dll
0x00007ff98a880000 - 0x00007ff98a9cc000 	C:\WINDOWS\System32\ucrtbase.dll
0x00007ff92a710000 - 0x00007ff92a728000 	E:\AmbienteDesarrollo\sts-4.27.0.RELEASE\plugins\org.eclipse.justj.openjdk.hotspot.jre.full.win32.x86_64_21.0.5.v20241023-1957\jre\bin\jli.dll
0x00007ff97b9d0000 - 0x00007ff97b9ee000 	E:\AmbienteDesarrollo\sts-4.27.0.RELEASE\plugins\org.eclipse.justj.openjdk.hotspot.jre.full.win32.x86_64_21.0.5.v20241023-1957\jre\bin\VCRUNTIME140.dll
0x00007ff98c960000 - 0x00007ff98cb29000 	C:\WINDOWS\System32\USER32.dll
0x00007ff96e470000 - 0x00007ff96e700000 	C:\WINDOWS\WinSxS\amd64_microsoft.windows.common-controls_6595b64144ccf1df_6.0.26100.3037_none_3e09262ce333c378\COMCTL32.dll
0x00007ff98a580000 - 0x00007ff98a5a7000 	C:\WINDOWS\System32\win32u.dll
0x00007ff98bb30000 - 0x00007ff98bb5a000 	C:\WINDOWS\System32\GDI32.dll
0x00007ff98b390000 - 0x00007ff98b439000 	C:\WINDOWS\System32\msvcrt.dll
0x00007ff98a390000 - 0x00007ff98a4bb000 	C:\WINDOWS\System32\gdi32full.dll
0x00007ff98a7d0000 - 0x00007ff98a873000 	C:\WINDOWS\System32\msvcp_win.dll
0x00007ff98acb0000 - 0x00007ff98acdf000 	C:\WINDOWS\System32\IMM32.DLL
0x00007ff97b9c0000 - 0x00007ff97b9cc000 	E:\AmbienteDesarrollo\sts-4.27.0.RELEASE\plugins\org.eclipse.justj.openjdk.hotspot.jre.full.win32.x86_64_21.0.5.v20241023-1957\jre\bin\vcruntime140_1.dll
0x00007ff923660000 - 0x00007ff9236ed000 	E:\AmbienteDesarrollo\sts-4.27.0.RELEASE\plugins\org.eclipse.justj.openjdk.hotspot.jre.full.win32.x86_64_21.0.5.v20241023-1957\jre\bin\msvcp140.dll
0x00007ff92a730000 - 0x00007ff92b4bf000 	E:\AmbienteDesarrollo\sts-4.27.0.RELEASE\plugins\org.eclipse.justj.openjdk.hotspot.jre.full.win32.x86_64_21.0.5.v20241023-1957\jre\bin\server\jvm.dll
0x00007ff98c3c0000 - 0x00007ff98c474000 	C:\WINDOWS\System32\ADVAPI32.dll
0x00007ff98cb30000 - 0x00007ff98cbd6000 	C:\WINDOWS\System32\sechost.dll
0x00007ff98aab0000 - 0x00007ff98abc6000 	C:\WINDOWS\System32\RPCRT4.dll
0x00007ff98ae00000 - 0x00007ff98ae74000 	C:\WINDOWS\System32\WS2_32.dll
0x00007ff989e50000 - 0x00007ff989e9e000 	C:\WINDOWS\SYSTEM32\POWRPROF.dll
0x00007ff980830000 - 0x00007ff980866000 	C:\WINDOWS\SYSTEM32\WINMM.dll
0x00007ff9794e0000 - 0x00007ff9794eb000 	C:\WINDOWS\SYSTEM32\VERSION.dll
0x00007ff989e30000 - 0x00007ff989e44000 	C:\WINDOWS\SYSTEM32\UMPDC.dll
0x00007ff988db0000 - 0x00007ff988dca000 	C:\WINDOWS\SYSTEM32\kernel.appcore.dll
0x00007ff966850000 - 0x00007ff96685a000 	E:\AmbienteDesarrollo\sts-4.27.0.RELEASE\plugins\org.eclipse.justj.openjdk.hotspot.jre.full.win32.x86_64_21.0.5.v20241023-1957\jre\bin\jimage.dll
0x00007ff987200000 - 0x00007ff987441000 	C:\WINDOWS\SYSTEM32\DBGHELP.DLL
0x00007ff98b520000 - 0x00007ff98b89e000 	C:\WINDOWS\System32\combase.dll
0x00007ff98abd0000 - 0x00007ff98aca6000 	C:\WINDOWS\System32\OLEAUT32.dll
0x00007ff9779c0000 - 0x00007ff9779f9000 	C:\WINDOWS\SYSTEM32\dbgcore.DLL
0x00007ff98a730000 - 0x00007ff98a7c9000 	C:\WINDOWS\System32\bcryptPrimitives.dll
0x00007ff970320000 - 0x00007ff97035c000 	E:\AmbienteDesarrollo\sts-4.27.0.RELEASE\plugins\org.eclipse.justj.openjdk.hotspot.jre.full.win32.x86_64_21.0.5.v20241023-1957\jre\bin\jdwp.dll
0x00007ff9667f0000 - 0x00007ff9667ff000 	E:\AmbienteDesarrollo\sts-4.27.0.RELEASE\plugins\org.eclipse.justj.openjdk.hotspot.jre.full.win32.x86_64_21.0.5.v20241023-1957\jre\bin\instrument.dll
0x00007ff92d860000 - 0x00007ff92d87f000 	E:\AmbienteDesarrollo\sts-4.27.0.RELEASE\plugins\org.eclipse.justj.openjdk.hotspot.jre.full.win32.x86_64_21.0.5.v20241023-1957\jre\bin\java.dll
0x00007ff98bb90000 - 0x00007ff98c294000 	C:\WINDOWS\System32\SHELL32.dll
0x00007ff987c80000 - 0x00007ff9884b7000 	C:\WINDOWS\SYSTEM32\windows.storage.dll
0x00007ff98c810000 - 0x00007ff98c8f9000 	C:\WINDOWS\System32\SHCORE.dll
0x00007ff98c900000 - 0x00007ff98c95d000 	C:\WINDOWS\System32\shlwapi.dll
0x00007ff989ed0000 - 0x00007ff989efe000 	C:\WINDOWS\SYSTEM32\profapi.dll
0x00007ff92a6f0000 - 0x00007ff92a708000 	E:\AmbienteDesarrollo\sts-4.27.0.RELEASE\plugins\org.eclipse.justj.openjdk.hotspot.jre.full.win32.x86_64_21.0.5.v20241023-1957\jre\bin\zip.dll
0x00007ff980340000 - 0x00007ff98034b000 	E:\AmbienteDesarrollo\sts-4.27.0.RELEASE\plugins\org.eclipse.justj.openjdk.hotspot.jre.full.win32.x86_64_21.0.5.v20241023-1957\jre\bin\dt_socket.dll
0x00007ff988820000 - 0x00007ff988852000 	C:\WINDOWS\SYSTEM32\IPHLPAPI.DLL
0x00007ff9892a0000 - 0x00007ff98930a000 	C:\WINDOWS\system32\mswsock.dll
0x00007ff9888c0000 - 0x00007ff9889e5000 	C:\WINDOWS\SYSTEM32\DNSAPI.dll
0x00007ff98b440000 - 0x00007ff98b44a000 	C:\WINDOWS\System32\NSI.dll
0x00007ff97bcb0000 - 0x00007ff97bcbb000 	C:\Windows\System32\rasadhlp.dll
0x00007ff984390000 - 0x00007ff984415000 	C:\WINDOWS\System32\fwpuclnt.dll
0x00007ff9663b0000 - 0x00007ff9663c0000 	E:\AmbienteDesarrollo\sts-4.27.0.RELEASE\plugins\org.eclipse.justj.openjdk.hotspot.jre.full.win32.x86_64_21.0.5.v20241023-1957\jre\bin\net.dll
0x00007ff983ff0000 - 0x00007ff98410e000 	C:\WINDOWS\SYSTEM32\WINHTTP.dll
0x00007ff92a6d0000 - 0x00007ff92a6e6000 	E:\AmbienteDesarrollo\sts-4.27.0.RELEASE\plugins\org.eclipse.justj.openjdk.hotspot.jre.full.win32.x86_64_21.0.5.v20241023-1957\jre\bin\nio.dll
0x00007ff980590000 - 0x00007ff98059a000 	E:\AmbienteDesarrollo\sts-4.27.0.RELEASE\plugins\org.eclipse.justj.openjdk.hotspot.jre.full.win32.x86_64_21.0.5.v20241023-1957\jre\bin\management.dll
0x00007ff97b9b0000 - 0x00007ff97b9bb000 	E:\AmbienteDesarrollo\sts-4.27.0.RELEASE\plugins\org.eclipse.justj.openjdk.hotspot.jre.full.win32.x86_64_21.0.5.v20241023-1957\jre\bin\management_ext.dll
0x00007ff98adf0000 - 0x00007ff98adf8000 	C:\WINDOWS\System32\PSAPI.DLL
0x00007ff8f53e0000 - 0x00007ff8f53f8000 	C:\WINDOWS\system32\napinsp.dll
0x00007ff8f53c0000 - 0x00007ff8f53d2000 	C:\WINDOWS\System32\winrnr.dll
0x00007ff935310000 - 0x00007ff935332000 	C:\WINDOWS\system32\nlansp_c.dll
0x00007ff966430000 - 0x00007ff966446000 	C:\WINDOWS\system32\wshbth.dll
0x00007ff989650000 - 0x00007ff98966c000 	C:\WINDOWS\SYSTEM32\CRYPTSP.dll
0x00007ff988d10000 - 0x00007ff988d48000 	C:\WINDOWS\system32\rsaenh.dll
0x00007ff989340000 - 0x00007ff98936b000 	C:\WINDOWS\SYSTEM32\USERENV.dll
0x00007ff9897e0000 - 0x00007ff989806000 	C:\WINDOWS\SYSTEM32\bcrypt.dll
0x00007ff9894d0000 - 0x00007ff9894dc000 	C:\WINDOWS\SYSTEM32\CRYPTBASE.dll
0x00007ff97b9a0000 - 0x00007ff97b9a9000 	E:\AmbienteDesarrollo\sts-4.27.0.RELEASE\plugins\org.eclipse.justj.openjdk.hotspot.jre.full.win32.x86_64_21.0.5.v20241023-1957\jre\bin\extnet.dll
0x00007ff965280000 - 0x00007ff965290000 	E:\AmbienteDesarrollo\sts-4.27.0.RELEASE\plugins\org.eclipse.justj.openjdk.hotspot.jre.full.win32.x86_64_21.0.5.v20241023-1957\jre\bin\verify.dll
0x00007ff962480000 - 0x00007ff96248e000 	E:\AmbienteDesarrollo\sts-4.27.0.RELEASE\plugins\org.eclipse.justj.openjdk.hotspot.jre.full.win32.x86_64_21.0.5.v20241023-1957\jre\bin\sunmscapi.dll
0x00007ff98a5b0000 - 0x00007ff98a726000 	C:\WINDOWS\System32\CRYPT32.dll
0x00007ff9897a0000 - 0x00007ff9897d0000 	C:\WINDOWS\SYSTEM32\ncrypt.dll
0x00007ff989750000 - 0x00007ff98978f000 	C:\WINDOWS\SYSTEM32\NTASN1.dll
0x00007ff959c00000 - 0x00007ff959c08000 	C:\WINDOWS\system32\wshunix.dll

dbghelp: loaded successfully - version: 4.0.5 - missing functions: none
symbol engine: initialized successfully - sym options: 0x614 - pdb path: .;E:\AmbienteDesarrollo\sts-4.27.0.RELEASE\plugins\org.eclipse.justj.openjdk.hotspot.jre.full.win32.x86_64_21.0.5.v20241023-1957\jre\bin;C:\WINDOWS\SYSTEM32;C:\WINDOWS\WinSxS\amd64_microsoft.windows.common-controls_6595b64144ccf1df_6.0.26100.3037_none_3e09262ce333c378;E:\AmbienteDesarrollo\sts-4.27.0.RELEASE\plugins\org.eclipse.justj.openjdk.hotspot.jre.full.win32.x86_64_21.0.5.v20241023-1957\jre\bin\server

VM Arguments:
jvm_args: -XX:+ShowCodeDetailsInExceptionMessages -agentlib:jdwp=transport=dt_socket,suspend=y,address=localhost:56281 -Dcom.sun.management.jmxremote -Dcom.sun.management.jmxremote.port=56280 -Dcom.sun.management.jmxremote.authenticate=false -Dcom.sun.management.jmxremote.ssl=false -Djava.rmi.server.hostname=localhost -Dspring.jmx.enabled=true -Dmanagement.endpoints.jmx.exposure.include=* -Dspring.application.admin.enabled=true -XX:TieredStopAtLevel=1 -Dspring.boot.project.name=backend_nexos_credibanco -javaagent:E:\AmbienteDesarrollo\sts-4.27.0.RELEASE\configuration\org.eclipse.osgi\275\0\.cp\lib\javaagent-shaded.jar -Dfile.encoding=UTF-8 -Dstdout.encoding=UTF-8 -Dstderr.encoding=UTF-8 
java_command: co.com.nexos_software.BackendNexosCredibancoApplication --spring.output.ansi.enabled=always
java_class_path (initial): C:\Users\usuario\Documents\workspace-spring-tool-suite-4-4.27.0.RELEASE\backend_nexos_credibanco\target\classes;C:\Users\usuario\.m2\repository\org\springframework\boot\spring-boot-starter-data-jpa\3.4.3\spring-boot-starter-data-jpa-3.4.3.jar;C:\Users\usuario\.m2\repository\org\springframework\boot\spring-boot-starter\3.4.3\spring-boot-starter-3.4.3.jar;C:\Users\usuario\.m2\repository\org\springframework\boot\spring-boot-starter-logging\3.4.3\spring-boot-starter-logging-3.4.3.jar;C:\Users\usuario\.m2\repository\ch\qos\logback\logback-classic\1.5.16\logback-classic-1.5.16.jar;C:\Users\usuario\.m2\repository\ch\qos\logback\logback-core\1.5.16\logback-core-1.5.16.jar;C:\Users\usuario\.m2\repository\org\apache\logging\log4j\log4j-to-slf4j\2.24.3\log4j-to-slf4j-2.24.3.jar;C:\Users\usuario\.m2\repository\org\apache\logging\log4j\log4j-api\2.24.3\log4j-api-2.24.3.jar;C:\Users\usuario\.m2\repository\org\slf4j\jul-to-slf4j\2.0.16\jul-to-slf4j-2.0.16.jar;C:\Users\usuario\.m2\repository\jakarta\annotation\jakarta.annotation-api\2.1.1\jakarta.annotation-api-2.1.1.jar;C:\Users\usuario\.m2\repository\org\yaml\snakeyaml\2.3\snakeyaml-2.3.jar;C:\Users\usuario\.m2\repository\org\springframework\boot\spring-boot-starter-jdbc\3.4.3\spring-boot-starter-jdbc-3.4.3.jar;C:\Users\usuario\.m2\repository\com\zaxxer\HikariCP\5.1.0\HikariCP-5.1.0.jar;C:\Users\usuario\.m2\repository\org\springframework\spring-jdbc\6.2.3\spring-jdbc-6.2.3.jar;C:\Users\usuario\.m2\repository\org\hibernate\orm\hibernate-core\6.6.8.Final\hibernate-core-6.6.8.Final.jar;C:\Users\usuario\.m2\repository\jakarta\persistence\jakarta.persistence-api\3.1.0\jakarta.persistence-api-3.1.0.jar;C:\Users\usuario\.m2\repository\jakarta\transaction\jakarta.transaction-api\2.0.1\jakarta.transaction-api-2.0.1.jar;C:\Users\usuario\.m2\repository\org\jboss\logging\jboss-logging\3.6.1.Final\jboss-logging-3.6.1.Final.jar;C:\Users\usuario\.m2\repository\org\hibernate\common\hibernate-commons-annotations\7.0.3.Final\hibernate-commons-annotations-7.0.3.Final.jar;C:\Users\usuario\.m2\repository\io\smallrye\jandex\3.2.0\jandex-3.2.0.jar;C:\Users\usuario\.m2\repository\com\fasterxml\classmate\1.7.0\classmate-1.7.0.jar;C:\Users\usuario\.m2\repository\org\glassfish\jaxb\jaxb-runtime\4.0.5\jaxb-runtime-4.0.5.jar;C:\Users\usuario\.m2\repository\org\glassfish\jaxb\jaxb-core\4.0.5\jaxb-core-4.0.5.jar;C:\Users\usuario\.m2\repository\org\eclipse\angus\angus-activation\2.0.2\angus-activation-2.0.2.jar;C:\Users\usuario\.m2\repository\org\glassfish\jaxb\txw2\4.0.5\txw2-4.0.5.jar;C:\Users\usuario\.m2\repository\com\sun\istack\istack-commons-runtime\4.1.2\istack-commons-runtime-4.1.2.jar;C:\Users\usuario\.m2\repository\jakarta\inject\jakarta.inject-api\2.0.1\jakarta.inject-api-2.0.1.jar;C:\Users\usuario\.m2\repository\org\antlr\antlr4-runtime\4.13.0\antlr4-runtime-4.13.0.jar;C:\Users\usuario\.m2\repository\org\springframework\data\spring-data-jpa\3.4.3\spring-data-jpa-3.4.3.jar;C:\Users\usuario\.m2\repository\org\springframework\data\spring-data-commons\3.4.3\spring-data-commons-3.4.3.jar;C:\Users\usuario\.m2\repository\org\springframework\spring-orm\6.2.3\spring-orm-6.2.3.jar;C:\Users\usuario\.m2\repository\org\springframework\spring-context\6.2.3\spring-context-6.2.3.jar;C:\Users\usuario\.m2\repository\org\springframework\spring-aop\6.2.3\spring-aop-6.2.3.jar;C:\Users\usuario\.m2\repository\org\springframework\spring-tx\6.2.3\spring-tx-6.2.3.jar;C:\Users\usuario\.m2\repository\org\springframework\spring-beans\6.2.3\spring-beans-6.2.3.jar;C:\Users\usuario\.m2\repository\org\slf4j\slf4j-api\2.0.16\slf4j-api-2.0.16.jar;C:\Users\usuario\.m2\repository\org\springframework\spring-aspects\6.2.3\spring-aspects-6.2.3.jar;C:\Users\usuario\.m2\repository\org\aspectj\aspectjweaver\1.9.22.1\aspectjweaver-1.9.22.1.jar;C:\Users\usuario\.m2\repository\org\springframework\boot\spring-boot-starter-validation\3.4.3\spring-boot-starter-validation-3.4.3.jar;C:\Users\usuario\.m2\repository\org\apache\tomcat\embed\tomcat-embed-el\10.1.36\tomcat-embed-el-10.1.36.jar;C:\Users\usuario\.m2\repository\org\hibernate\validator\hibernate-validator\8.0.2.Final\hibernate-validator-8.0.2.Final.jar;C:\Users\usuario\.m2\repository\jakarta\validation\jakarta.validation-api\3.0.2\jakarta.validation-api-3.0.2.jar;C:\Users\usuario\.m2\repository\org\springframework\boot\spring-boot-starter-web\3.4.3\spring-boot-starter-web-3.4.3.jar;C:\Users\usuario\.m2\repository\org\springframework\boot\spring-boot-starter-json\3.4.3\spring-boot-starter-json-3.4.3.jar;C:\Users\usuario\.m2\repository\com\fasterxml\jackson\core\jackson-databind\2.18.2\jackson-databind-2.18.2.jar;C:\Users\usuario\.m2\repository\com\fasterxml\jackson\core\jackson-annotations\2.18.2\jackson-annotations-2.18.2.jar;C:\Users\usuario\.m2\repository\com\fasterxml\jackson\core\jackson-core\2.18.2\jackson-core-2.18.2.jar;C:\Users\usuario\.m2\repository\com\fasterxml\jackson\datatype\jackson-datatype-jdk8\2.18.2\jackson-datatype-jdk8-2.18.2.jar;C:\Users\usuario\.m2\repository\com\fasterxml\jackson\datatype\jackson-datatype-jsr310\2.18.2\jackson-datatype-jsr310-2.18.2.jar;C:\Users\usuario\.m2\repository\com\fasterxml\jackson\module\jackson-module-parameter-names\2.18.2\jackson-module-parameter-names-2.18.2.jar;C:\Users\usuario\.m2\repository\org\springframework\boot\spring-boot-starter-tomcat\3.4.3\spring-boot-starter-tomcat-3.4.3.jar;C:\Users\usuario\.m2\repository\org\apache\tomcat\embed\tomcat-embed-core\10.1.36\tomcat-embed-core-10.1.36.jar;C:\Users\usuario\.m2\repository\org\apache\tomcat\embed\tomcat-embed-websocket\10.1.36\tomcat-embed-websocket-10.1.36.jar;C:\Users\usuario\.m2\repository\org\springframework\spring-web\6.2.3\spring-web-6.2.3.jar;C:\Users\usuario\.m2\repository\io\micrometer\micrometer-observation\1.14.4\micrometer-observation-1.14.4.jar;C:\Users\usuario\.m2\repository\io\micrometer\micrometer-commons\1.14.4\micrometer-commons-1.14.4.jar;C:\Users\usuario\.m2\repository\org\springframework\spring-webmvc\6.2.3\spring-webmvc-6.2.3.jar;C:\Users\usuario\.m2\repository\org\springframework\spring-expression\6.2.3\spring-expression-6.2.3.jar;C:\Users\usuario\.m2\repository\org\springframework\boot\spring-boot-devtools\3.4.3\spring-boot-devtools-3.4.3.jar;C:\Users\usuario\.m2\repository\org\springframework\boot\spring-boot\3.4.3\spring-boot-3.4.3.jar;C:\Users\usuario\.m2\repository\org\springframework\boot\spring-boot-autoconfigure\3.4.3\spring-boot-autoconfigure-3.4.3.jar;C:\Users\usuario\.m2\repository\com\mysql\mysql-connector-j\9.1.0\mysql-connector-j-9.1.0.jar;C:\Users\usuario\.m2\repository\org\projectlombok\lombok\1.18.36\lombok-1.18.36.jar;C:\Users\usuario\.m2\repository\jakarta\xml\bind\jakarta.xml.bind-api\4.0.2\jakarta.xml.bind-api-4.0.2.jar;C:\Users\usuario\.m2\repository\jakarta\activation\jakarta.activation-api\2.1.3\jakarta.activation-api-2.1.3.jar;C:\Users\usuario\.m2\repository\org\springframework\spring-core\6.2.3\spring-core-6.2.3.jar;C:\Users\usuario\.m2\repository\org\springframework\spring-jcl\6.2.3\spring-jcl-6.2.3.jar;C:\Users\usuario\.m2\repository\io\github\cdimascio\dotenv-java\3.0.0\dotenv-java-3.0.0.jar;C:\Users\usuario\.m2\repository\org\springdoc\springdoc-openapi-starter-webmvc-ui\2.3.0\springdoc-openapi-starter-webmvc-ui-2.3.0.jar;C:\Users\usuario\.m2\repository\org\springdoc\springdoc-openapi-starter-webmvc-api\2.3.0\springdoc-openapi-starter-webmvc-api-2.3.0.jar;C:\Users\usuario\.m2\repository\org\springdoc\springdoc-openapi-starter-common\2.3.0\springdoc-openapi-starter-common-2.3.0.jar;C:\Users\usuario\.m2\repository\io\swagger\core\v3\swagger-core-jakarta\2.2.19\swagger-core-jakarta-2.2.19.jar;C:\Users\usuario\.m2\repository\org\apache\commons\commons-lang3\3.17.0\commons-lang3-3.17.0.jar;C:\Users\usuario\.m2\repository\io\swagger\core\v3\swagger-annotations-jakarta\2.2.19\swagger-annotations-jakarta-2.2.19.jar;C:\Users\usuario\.m2\repository\io\swagger\core\v3\swagger-models-jakarta\2.2.19\swagger-models-jakarta-2.2.19.jar;C:\Users\usuario\.m2\repository\com\fasterxml\jackson\dataformat\jackson-dataformat-yaml\2.18.2\jackson-dataformat-yaml-2.18.2.jar;C:\Users\usuario\.m2\repository\org\webjars\swagger-ui\5.10.3\swagger-ui-5.10.3.jar;C:\Users\usuario\.m2\repository\net\bytebuddy\byte-buddy\1.15.11\byte-buddy-1.15.11.jar
Launcher Type: SUN_STANDARD

[Global flags]
     intx CICompilerCount                          = 4                                         {product} {ergonomic}
     uint ConcGCThreads                            = 2                                         {product} {ergonomic}
     uint G1ConcRefinementThreads                  = 8                                         {product} {ergonomic}
   size_t G1HeapRegionSize                         = 4194304                                   {product} {ergonomic}
    uintx GCDrainStackTargetSize                   = 64                                        {product} {ergonomic}
   size_t InitialHeapSize                          = 331350016                                 {product} {ergonomic}
     bool ManagementServer                         = true                                      {product} {command line}
   size_t MarkStackSize                            = 4194304                                   {product} {ergonomic}
   size_t MaxHeapSize                              = 5297405952                                {product} {ergonomic}
   size_t MaxNewSize                               = 3175088128                                {product} {ergonomic}
   size_t MinHeapDeltaBytes                        = 4194304                                   {product} {ergonomic}
   size_t MinHeapSize                              = 8388608                                   {product} {ergonomic}
    uintx NonNMethodCodeHeapSize                   = 4096                                   {pd product} {ergonomic}
    uintx NonProfiledCodeHeapSize                  = 0                                      {pd product} {ergonomic}
     bool ProfileInterpreter                       = false                                  {pd product} {command line}
    uintx ProfiledCodeHeapSize                     = 0                                      {pd product} {ergonomic}
     bool ShowCodeDetailsInExceptionMessages       = true                                   {manageable} {command line}
   size_t SoftMaxHeapSize                          = 5297405952                             {manageable} {ergonomic}
     intx TieredStopAtLevel                        = 1                                         {product} {command line}
     bool UseCompressedOops                        = true                           {product lp64_product} {ergonomic}
     bool UseG1GC                                  = true                                      {product} {ergonomic}
     bool UseLargePagesIndividualAllocation        = false                                  {pd product} {ergonomic}

Logging:
Log output configuration:
 #0: stdout all=warning uptime,level,tags foldmultilines=false
 #1: stderr all=off uptime,level,tags foldmultilines=false

Environment Variables:
JAVA_HOME=C:\Program Files\Amazon Corretto\jdk21.0.5_11
PATH=E:\AmbienteDesarrollo\sts-4.27.0.RELEASE\plugins\org.eclipse.justj.openjdk.hotspot.jre.full.win32.x86_64_21.0.5.v20241023-1957\jre\bin;E:/AmbienteDesarrollo/sts-4.27.0.RELEASE//plugins/org.eclipse.justj.openjdk.hotspot.jre.full.win32.x86_64_21.0.5.v20241023-1957/jre/bin/server;E:/AmbienteDesarrollo/sts-4.27.0.RELEASE//plugins/org.eclipse.justj.openjdk.hotspot.jre.full.win32.x86_64_21.0.5.v20241023-1957/jre/bin;C:\Program Files (x86)\\Oracle\oci_cli\;C:\Program Files\Amazon Corretto\jdk21.0.5_11\bin;C:\WINDOWS\system32;C:\WINDOWS;C:\WINDOWS\System32\Wbem;C:\WINDOWS\System32\WindowsPowerShell\v1.0\;C:\WINDOWS\System32\OpenSSH\;C:\Users\usuario\AppData\Local\nvm;C:\nvm4w\nodejs;C:\Program Files\dotnet\;C:\Program Files\Docker\Docker\resources\bin;C:\Program Files\nodejs\;C:\Program Files\Git\cmd;C:\Program Files\OpenSSL-Win64\bin;C:\apache-maven-3.9.9\bin;C:\Users\usuario\AppData\Local\Programs\Python\Python313\Scripts\;C:\Users\usuario\AppData\Local\Programs\Python\Python313\;C:\Users\usuario\AppData\Local\Microsoft\WindowsApps;C:\Users\usuario\AppData\Local\Programs\Microsoft VS Code\bin;C:\Users\usuario\AppData\Local\nvm;C:\nvm4w\nodejs;C:\Users\usuario\AppData\Roaming\npm;E:\AmbienteDesarrollo\sts-4.27.0.RELEASE;
USERNAME=usuario
OS=Windows_NT
PROCESSOR_IDENTIFIER=Intel64 Family 6 Model 140 Stepping 1, GenuineIntel
TMP=C:\Users\usuario\AppData\Local\Temp
TEMP=C:\Users\usuario\AppData\Local\Temp




Periodic native trim disabled

---------------  S Y S T E M  ---------------

OS:
 Windows 11 , 64 bit Build 26100 (10.0.26100.3037)
OS uptime: 5 days 9:10 hours
Hyper-V role detected

CPU: total 8 (initial active 8) (4 cores per cpu, 2 threads per core) family 6 model 140 stepping 1 microcode 0xba, cx8, cmov, fxsr, ht, mmx, 3dnowpref, sse, sse2, sse3, ssse3, sse4.1, sse4.2, popcnt, lzcnt, tsc, tscinvbit, avx, avx2, aes, erms, clmul, bmi1, bmi2, adx, avx512f, avx512dq, avx512cd, avx512bw, avx512vl, sha, fma, vzeroupper, avx512_vpopcntdq, avx512_vpclmulqdq, avx512_vaes, avx512_vnni, clflush, clflushopt, clwb, avx512_vbmi2, avx512_vbmi, hv, rdtscp, rdpid, fsrm, gfni, avx512_bitalg, f16c, cet_ibt, cet_ss, avx512_ifma
Processor Information for processor 0
  Max Mhz: 2419, Current Mhz: 1209, Mhz Limit: 2419
Processor Information for processor 1
  Max Mhz: 2419, Current Mhz: 2419, Mhz Limit: 2419
Processor Information for processor 2
  Max Mhz: 2419, Current Mhz: 2419, Mhz Limit: 2419
Processor Information for processor 3
  Max Mhz: 2419, Current Mhz: 2419, Mhz Limit: 2419
Processor Information for processor 4
  Max Mhz: 2419, Current Mhz: 2419, Mhz Limit: 2419
Processor Information for processor 5
  Max Mhz: 2419, Current Mhz: 2419, Mhz Limit: 2419
Processor Information for processor 6
  Max Mhz: 2419, Current Mhz: 2419, Mhz Limit: 2419
Processor Information for processor 7
  Max Mhz: 2419, Current Mhz: 2419, Mhz Limit: 2419

Memory: 4k page, system-wide physical 20206M (6048M free)
TotalPageFile size 29422M (AvailPageFile size 11007M)
current process WorkingSet (physical memory assigned to process): 318M, peak: 318M
current process commit charge ("private bytes"): 346M, peak: 430M

vm_info: OpenJDK 64-Bit Server VM (21.0.5+11-LTS) for windows-amd64 JRE (21.0.5+11-LTS), built on 2024-10-15T00:00:00Z by "admin" with MS VC++ 17.7 (VS2022)

END.
